<?xml version="1.0" encoding="UTF-8"?>
<!-- Generated by org.testng.reporters.JUnitReportReporter -->
<testsuite skipped="0" hostname="DESKTOP-U7CTTLD" name="com.actiTime.testscripts.CreateCustomer" tests="1" failures="0" timestamp="2020-01-28T14:27:54 IST" time="14.655" errors="0">
  <testcase name="testCreateCustomerTC_01" time="14.655" classname="com.actiTime.testscripts.CreateCustomer"/>
  <system-out/>
</testsuite> <!-- com.actiTime.testscripts.CreateCustomer -->
