<?xml version="1.0" encoding="UTF-8"?>
<!-- Generated by org.testng.reporters.JUnitReportReporter -->
<testsuite skipped="0" hostname="DESKTOP-U7CTTLD" name="com.actiTime.testscripts.CreateProject" tests="1" failures="0" timestamp="2020-01-28T14:27:54 IST" time="5.974" errors="0">
  <testcase name="testCreateProjectTC_02" time="5.974" classname="com.actiTime.testscripts.CreateProject"/>
  <system-out/>
</testsuite> <!-- com.actiTime.testscripts.CreateProject -->
